INFO 2022-05-19 19:14:13,825 views ***get_context_data: kwargs{}***
INFO 2022-05-19 19:14:13,827 views filter_mode:all, verranno mostrate tutte le attivita
INFO 2022-05-19 19:14:13,828 views GET:start_date: 2022-05-19
INFO 2022-05-19 19:14:13,828 views GET:end_date: 2022-07-19
INFO 2022-05-19 19:14:15,677 views The user already has this ticket
INFO 2022-05-19 19:14:15,679 views The user is not queued to the event
INFO 2022-05-19 19:14:15,681 views The guy can have his money back as:2022-05-20 14:30:00>2022-05-19 19:14:15.681849
INFO 2022-05-19 19:14:18,591 views BuyTicket POST was called
INFO 2022-05-19 19:14:18,592 views buy_step=conditions_acceptance
INFO 2022-05-19 19:14:18,592 views cmd=acceptance_for_me
INFO 2022-05-19 19:14:18,593 views pk=26
INFO 2022-05-19 19:14:18,595 views context:{'pk': 26, 'buy_step': 'conditions_acceptance', 'cmd': 'acceptance_for_friend', 'total': 0, 'credits_to_use': 0, 'order_id': 0, 'friend_id': '-1', 'view': <TravelsApp.views.BuyTicketView object at 0x0000018808C14DC0>}
INFO 2022-05-19 19:14:21,740 views BuyTicket GET was called
INFO 2022-05-19 19:14:21,740 views BuyTicket.get:partecipant_selection init
INFO 2022-05-19 19:14:21,741 views cmd=init
INFO 2022-05-19 19:14:23,829 views BuyTicket POST was called
INFO 2022-05-19 19:14:23,830 views cmd=receive_user_selected
INFO 2022-05-19 19:14:27,617 views BuyTicket POST was called
INFO 2022-05-19 19:14:27,622 views Giulia has to register
INFO 2022-05-19 19:14:32,163 views BuyTicket POST was called
INFO 2022-05-19 19:14:32,167 views +++minor autogenerated mail:Giulia.Bortolan_minor_by_flavio.bortolan@gmail.com
INFO 2022-05-19 19:14:32,189 views *** create_profile ***: <tr><td colspan="2"><div class="errorlist"><div class="w3-red">(Hidden field password) This field is required.</div><div class="w3-red">(Hidden field repeat_password) This field is required.</div></div></td></tr>
<tr><th><label for="id_first_name">Nome:</label></th><td><input type="text" name="first_name" value="Giulia" class="w3-input" required="True" maxlength="30" id="id_first_name"></td></tr>
<tr><th><label for="id_last_name">Cognome:</label></th><td><input type="text" name="last_name" value="Bortolan" class="w3-input" required="True" maxlength="150" id="id_last_name"></td></tr>
<tr><th><label for="id_email">Email:</label></th><td><div class="errorlist"><div class="w3-red">This email is already in use.</div></div><input type="email" name="email" value="Giulia.Bortolan_minor_by_flavio.bortolan@gmail.com" class="w3-input" maxlength="254" id="id_email"><input type="hidden" name="password" id="id_password"><input type="hidden" name="repeat_password" id="id_repeat_password"></td></tr><tr><th><label for="id_profile_pic">Immagine di profilo:</label></th><td><input type="file" name="profile_pic" class="w3-btn w3-blue w3-block w3-round-large" accept="image/*" id="id_profile_pic"></td></tr>
<tr><th><label for="id_phone_number">Telefono:</label></th><td><input type="text" name="phone_number" class="w3-input" required="True" maxlength="64" id="id_phone_number"></td></tr>
<tr><th><label for="id_exp_date">Scadenza iscrizione:</label></th><td><input type="text" name="exp_date" class="w3-input" disabled="True" required="False" id="id_exp_date"></td></tr>
INFO 2022-05-19 19:14:32,191 views poop
