INFO 2022-05-19 19:14:13,825 views ***get_context_data: kwargs{}***
INFO 2022-05-19 19:14:13,827 views filter_mode:all, verranno mostrate tutte le attivita
INFO 2022-05-19 19:14:13,828 views GET:start_date: 2022-05-19
INFO 2022-05-19 19:14:13,828 views GET:end_date: 2022-07-19
INFO 2022-05-19 19:14:15,677 views The user already has this ticket
INFO 2022-05-19 19:14:15,679 views The user is not queued to the event
INFO 2022-05-19 19:14:15,681 views The guy can have his money back as:2022-05-20 14:30:00>2022-05-19 19:14:15.681849
INFO 2022-05-19 19:14:18,591 views BuyTicket POST was called
INFO 2022-05-19 19:14:18,592 views buy_step=conditions_acceptance
INFO 2022-05-19 19:14:18,592 views cmd=acceptance_for_me
INFO 2022-05-19 19:14:18,593 views pk=26
INFO 2022-05-19 19:14:18,595 views context:{'pk': 26, 'buy_step': 'conditions_acceptance', 'cmd': 'acceptance_for_friend', 'total': 0, 'credits_to_use': 0, 'order_id': 0, 'friend_id': '-1', 'view': <TravelsApp.views.BuyTicketView object at 0x0000018808C14DC0>}
INFO 2022-05-19 19:14:21,740 views BuyTicket GET was called
INFO 2022-05-19 19:14:21,740 views BuyTicket.get:partecipant_selection init
INFO 2022-05-19 19:14:21,741 views cmd=init
INFO 2022-05-19 19:14:23,829 views BuyTicket POST was called
INFO 2022-05-19 19:14:23,830 views cmd=receive_user_selected
INFO 2022-05-19 19:14:27,617 views BuyTicket POST was called
INFO 2022-05-19 19:14:27,622 views Giulia has to register
INFO 2022-05-19 19:14:32,163 views BuyTicket POST was called
INFO 2022-05-19 19:14:32,167 views +++minor autogenerated mail:Giulia.Bortolan_minor_by_flavio.bortolan@gmail.com
INFO 2022-05-19 19:14:32,189 views *** create_profile ***: <tr><td colspan="2"><div class="errorlist"><div class="w3-red">(Hidden field password) This field is required.</div><div class="w3-red">(Hidden field repeat_password) This field is required.</div></div></td></tr>
<tr><th><label for="id_first_name">Nome:</label></th><td><input type="text" name="first_name" value="Giulia" class="w3-input" required="True" maxlength="30" id="id_first_name"></td></tr>
<tr><th><label for="id_last_name">Cognome:</label></th><td><input type="text" name="last_name" value="Bortolan" class="w3-input" required="True" maxlength="150" id="id_last_name"></td></tr>
<tr><th><label for="id_email">Email:</label></th><td><div class="errorlist"><div class="w3-red">This email is already in use.</div></div><input type="email" name="email" value="Giulia.Bortolan_minor_by_flavio.bortolan@gmail.com" class="w3-input" maxlength="254" id="id_email"><input type="hidden" name="password" id="id_password"><input type="hidden" name="repeat_password" id="id_repeat_password"></td></tr><tr><th><label for="id_profile_pic">Immagine di profilo:</label></th><td><input type="file" name="profile_pic" class="w3-btn w3-blue w3-block w3-round-large" accept="image/*" id="id_profile_pic"></td></tr>
<tr><th><label for="id_phone_number">Telefono:</label></th><td><input type="text" name="phone_number" class="w3-input" required="True" maxlength="64" id="id_phone_number"></td></tr>
<tr><th><label for="id_exp_date">Scadenza iscrizione:</label></th><td><input type="text" name="exp_date" class="w3-input" disabled="True" required="False" id="id_exp_date"></td></tr>
INFO 2022-05-19 19:14:32,191 views poop
INFO 2022-05-19 19:17:18,975 views BuyTicket POST was called
INFO 2022-05-19 19:17:18,981 views rrr has to register
INFO 2022-05-19 19:17:22,846 views BuyTicket POST was called
INFO 2022-05-19 19:17:22,850 views +++minor autogenerated mail:rrr.Bortolan_minor_by_flavio.bortolan@gmail.com
INFO 2022-05-19 19:17:22,866 views *** create_profile ***: <tr><td colspan="2"><div class="errorlist"><div class="w3-red">(Hidden field password) This field is required.</div><div class="w3-red">(Hidden field repeat_password) This field is required.</div></div></td></tr>
<tr><th><label for="id_first_name">Nome:</label></th><td><input type="text" name="first_name" value="rrr" class="w3-input" required="True" maxlength="30" id="id_first_name"></td></tr>
<tr><th><label for="id_last_name">Cognome:</label></th><td><input type="text" name="last_name" value="Bortolan" class="w3-input" required="True" maxlength="150" id="id_last_name"></td></tr>
<tr><th><label for="id_email">Email:</label></th><td><input type="email" name="email" value="rrr.Bortolan_minor_by_flavio.bortolan@gmail.com" class="w3-input" maxlength="254" id="id_email"><input type="hidden" name="password" id="id_password"><input type="hidden" name="repeat_password" id="id_repeat_password"></td></tr><tr><th><label for="id_profile_pic">Immagine di profilo:</label></th><td><input type="file" name="profile_pic" class="w3-btn w3-blue w3-block w3-round-large" accept="image/*" id="id_profile_pic"></td></tr>
<tr><th><label for="id_phone_number">Telefono:</label></th><td><input type="text" name="phone_number" class="w3-input" required="True" maxlength="64" id="id_phone_number"></td></tr>
<tr><th><label for="id_exp_date">Scadenza iscrizione:</label></th><td><input type="text" name="exp_date" class="w3-input" disabled="True" required="False" id="id_exp_date"></td></tr>
INFO 2022-05-19 19:17:22,867 views +++ user_form cleaned_data:{'first_name': 'rrr', 'last_name': 'Bortolan', 'email': 'rrr.Bortolan_minor_by_flavio.bortolan@gmail.com'}
INFO 2022-05-19 19:17:22,868 views cleaned mail field value =rrr.Bortolan_minor_by_flavio.bortolan@gmail.com
INFO 2022-05-19 19:17:22,869 views create_profile:data is ok
INFO 2022-05-19 19:17:22,869 views Supplied mail is:rrr.Bortolan_minor_by_flavio.bortolan@gmail.com
INFO 2022-05-19 19:17:22,870 views No duplicate users found
INFO 2022-05-19 19:17:22,870 views password:8NRE5
INFO 2022-05-19 19:17:22,881 views new user saved with mail: rrr.Bortolan_minor_by_flavio.bortolan@gmail.com
INFO 2022-05-19 19:17:22,990 views password saved
INFO 2022-05-19 19:17:23,001 views Saving profile info for:
INFO 2022-05-19 19:17:23,002 views rrr
INFO 2022-05-19 19:17:23,002 views Bortolan
INFO 2022-05-19 19:17:23,002 views rrr.Bortolan_minor_by_flavio.bortolan@gmail.com
ERROR 2022-05-19 19:17:29,777 views Could not send mail: (534, b'5.7.14 <https://accounts.google.com/signin/continue?sarp=1&scc=1&plt=AKgnsbt\n5.7.14 uowPs5i907ZVX-fKA_uMTbOtLZaiv-n8UcR_0HI6ShRLYHSJ9X2FC188IdP-bgTCN5iRP\n5.7.14 B7KzxOBjkNxszaiOhXd1WRRJdITJ2cSdgSWxpt5eej_KcpVfTK8EV5p5_Q5qjoQx>\n5.7.14 Please log in via your web browser and then try again.\n5.7.14  Learn more at\n5.7.14  https://support.google.com/mail/answer/78754 l6-20020a05600c088600b00397335cf750sm44093wmp.47 - gsmtp')
INFO 2022-05-19 19:17:29,782 views BuyTicket GET was called
INFO 2022-05-19 19:17:29,786 views BuyTicket.get:registration_successful init
INFO 2022-05-19 19:17:29,788 views registration_successful, friend_id = 108
INFO 2022-05-19 19:17:34,610 views BuyTicket GET was called
INFO 2022-05-19 19:17:34,610 views BuyTicket.get:confirmation init
INFO 2022-05-19 19:17:34,650 views BuyTicketView: confirmation, context = {'pk': 26, 'buy_step': 'confirmation', 'cmd': 'init', 'total': 0, 'credits_to_use': 0, 'order_id': 180, 'friend_id': '108', 'view': <TravelsApp.views.BuyTicketView object at 0x00000188078815B0>, 'subs_exp_date': datetime.date(2023, 5, 19), 'subscription_expired': False, 'year_subscription_price': 20, 'sub_total': 0, 'event': <Event: ID: 26, Date: 2022-05-22Valle dei Mulini di Mossano Mossano VI>}
INFO 2022-05-19 19:17:36,113 views BuyTicket GET was called
INFO 2022-05-19 19:17:36,113 views BuyTicket.get:confirmed init
INFO 2022-05-19 19:17:36,116 views Closing order from -confirmed-
INFO 2022-05-19 19:17:36,189 views Creating mail for order confirmation
ERROR 2022-05-19 19:17:42,284 views Could not send mail: (534, b'5.7.14 <https://accounts.google.com/signin/continue?sarp=1&scc=1&plt=AKgnsbt\n5.7.14 iFrZR5pgRkGPojcBQRsa3OLVuBgHzSwuxsgNhrSBfQk4qx1lw71sYZPHqr0LmbWn-IcIj\n5.7.14 vwdm-CThe2FgBwgl-XfTKvaEfrCDwdedSFGoCtOdCNtWBz-Uucq6HtgLwTcLz1PZ>\n5.7.14 Please log in via your web browser and then try again.\n5.7.14  Learn more at\n5.7.14  https://support.google.com/mail/answer/78754 o9-20020adf8b89000000b0020d0351dbb6sm150267wra.80 - gsmtp')
INFO 2022-05-19 19:23:29,326 views ***get_context_data: kwargs{}***
INFO 2022-05-19 19:23:29,327 views filter_mode:all, verranno mostrate tutte le attivita
INFO 2022-05-19 19:23:29,327 views GET:start_date: 2022-05-19
INFO 2022-05-19 19:23:29,328 views GET:end_date: 2022-07-19
INFO 2022-05-20 00:12:48,605 views Site under maintenance:False
INFO 2022-05-20 00:12:51,132 views ***get_context_data: kwargs{}***
INFO 2022-05-20 00:12:51,137 views filter_mode:all, verranno mostrate tutte le attivita
INFO 2022-05-20 00:12:51,145 views GET:start_date: 2022-05-20
INFO 2022-05-20 00:12:51,149 views GET:end_date: 2022-07-20
INFO 2022-05-20 00:12:52,700 views The user already has this ticket
INFO 2022-05-20 00:12:52,704 views The user is not queued to the event
INFO 2022-05-20 00:12:52,713 views The guy can have his money back as:2022-05-20 14:30:00>2022-05-20 00:12:52.712997
INFO 2022-05-20 00:12:58,516 views BuyTicket POST was called
INFO 2022-05-20 00:12:58,518 views buy_step=conditions_acceptance
INFO 2022-05-20 00:12:58,530 views cmd=acceptance_for_me
INFO 2022-05-20 00:12:58,534 views pk=26
INFO 2022-05-20 00:12:58,539 views context:{'pk': 26, 'buy_step': 'conditions_acceptance', 'cmd': 'acceptance_for_friend', 'total': 0, 'credits_to_use': 0, 'order_id': 0, 'friend_id': '-1', 'view': <TravelsApp.views.BuyTicketView object at 0x0000022EF987AFD0>}
INFO 2022-05-20 00:13:01,288 views BuyTicket GET was called
INFO 2022-05-20 00:13:01,289 views BuyTicket.get:partecipant_selection init
INFO 2022-05-20 00:13:01,295 views cmd=init
INFO 2022-05-20 00:13:03,467 views BuyTicket POST was called
INFO 2022-05-20 00:13:03,468 views cmd=receive_user_selected
INFO 2022-05-20 00:13:06,520 views BuyTicket POST was called
INFO 2022-05-20 00:13:07,321 views #917 receive_minor_name
INFO 2022-05-20 00:13:07,340 views #945 Giulia has to register
INFO 2022-05-20 00:13:10,903 views BuyTicket POST was called
INFO 2022-05-20 00:13:10,904 views #1006 receive_minor_data
INFO 2022-05-20 00:13:10,918 views +++minor autogenerated mail:Giulia.Bortolan_minor_by_flavio.bortolan@gmail.com
INFO 2022-05-20 00:13:10,961 views *** create_profile ***: <tr><td colspan="2"><div class="errorlist"><div class="w3-red">(Hidden field password) This field is required.</div><div class="w3-red">(Hidden field repeat_password) This field is required.</div></div></td></tr>
<tr><th><label for="id_first_name">Nome:</label></th><td><input type="text" name="first_name" value="Giulia" class="w3-input" required="True" maxlength="30" id="id_first_name"></td></tr>
<tr><th><label for="id_last_name">Cognome:</label></th><td><input type="text" name="last_name" value="Bortolan" class="w3-input" required="True" maxlength="150" id="id_last_name"></td></tr>
<tr><th><label for="id_email">Email:</label></th><td><div class="errorlist"><div class="w3-red">This email is already in use.</div></div><input type="email" name="email" value="Giulia.Bortolan_minor_by_flavio.bortolan@gmail.com" class="w3-input" maxlength="254" id="id_email"><input type="hidden" name="password" id="id_password"><input type="hidden" name="repeat_password" id="id_repeat_password"></td></tr><tr><th><label for="id_profile_pic">Immagine di profilo:</label></th><td><input type="file" name="profile_pic" class="w3-btn w3-blue w3-block w3-round-large" accept="image/*" id="id_profile_pic"></td></tr>
<tr><th><label for="id_phone_number">Telefono:</label></th><td><input type="text" name="phone_number" class="w3-input" required="True" maxlength="64" id="id_phone_number"></td></tr>
<tr><th><label for="id_exp_date">Scadenza iscrizione:</label></th><td><input type="text" name="exp_date" class="w3-input" disabled="True" required="False" id="id_exp_date"></td></tr>
INFO 2022-05-20 00:13:10,966 views poop
INFO 2022-05-20 00:16:49,036 views BuyTicket POST was called
INFO 2022-05-20 00:16:49,853 views #917 receive_minor_name
INFO 2022-05-20 00:16:49,863 views #924searching minor_mail:Giulia._minor_by_flavio.bortolan@gmail.com
INFO 2022-05-20 00:16:49,865 views #946 Giulia has to register
INFO 2022-05-20 00:16:54,419 views BuyTicket POST was called
INFO 2022-05-20 00:16:54,420 views #1007 receive_minor_data
INFO 2022-05-20 00:16:54,430 views +++minor autogenerated mail:Giulia.Bortolan_minor_by_flavio.bortolan@gmail.com
INFO 2022-05-20 00:16:54,474 views *** create_profile ***: <tr><td colspan="2"><div class="errorlist"><div class="w3-red">(Hidden field password) This field is required.</div><div class="w3-red">(Hidden field repeat_password) This field is required.</div></div></td></tr>
<tr><th><label for="id_first_name">Nome:</label></th><td><input type="text" name="first_name" value="Giulia" class="w3-input" required="True" maxlength="30" id="id_first_name"></td></tr>
<tr><th><label for="id_last_name">Cognome:</label></th><td><input type="text" name="last_name" value="Bortolan" class="w3-input" required="True" maxlength="150" id="id_last_name"></td></tr>
<tr><th><label for="id_email">Email:</label></th><td><div class="errorlist"><div class="w3-red">This email is already in use.</div></div><input type="email" name="email" value="Giulia.Bortolan_minor_by_flavio.bortolan@gmail.com" class="w3-input" maxlength="254" id="id_email"><input type="hidden" name="password" id="id_password"><input type="hidden" name="repeat_password" id="id_repeat_password"></td></tr><tr><th><label for="id_profile_pic">Immagine di profilo:</label></th><td><input type="file" name="profile_pic" class="w3-btn w3-blue w3-block w3-round-large" accept="image/*" id="id_profile_pic"></td></tr>
<tr><th><label for="id_phone_number">Telefono:</label></th><td><input type="text" name="phone_number" class="w3-input" required="True" maxlength="64" id="id_phone_number"></td></tr>
<tr><th><label for="id_exp_date">Scadenza iscrizione:</label></th><td><input type="text" name="exp_date" class="w3-input" disabled="True" required="False" id="id_exp_date"></td></tr>
INFO 2022-05-20 00:16:54,479 views poop
INFO 2022-05-20 00:31:34,542 views BuyTicket POST was called
INFO 2022-05-20 00:31:35,495 views #917 receive_minor_name
INFO 2022-05-20 00:31:35,505 views #924searching minor_mail:Giulia._minor_by_flavio.bortolan@gmail.com
INFO 2022-05-20 00:31:35,513 views #946 Giulia has to register
INFO 2022-05-20 00:31:46,726 views ***get_context_data: kwargs{}***
INFO 2022-05-20 00:31:46,730 views filter_mode:all, verranno mostrate tutte le attivita
INFO 2022-05-20 00:31:46,739 views GET:start_date: 2022-05-20
INFO 2022-05-20 00:31:46,746 views GET:end_date: 2022-07-20
INFO 2022-05-20 00:31:47,864 views The user already has this ticket
INFO 2022-05-20 00:31:47,866 views The user is not queued to the event
INFO 2022-05-20 00:31:47,877 views The guy can have his money back as:2022-05-20 14:30:00>2022-05-20 00:31:47.877373
INFO 2022-05-20 00:31:50,894 views BuyTicket POST was called
INFO 2022-05-20 00:31:50,894 views buy_step=conditions_acceptance
INFO 2022-05-20 00:31:50,905 views cmd=acceptance_for_me
INFO 2022-05-20 00:31:50,919 views pk=26
INFO 2022-05-20 00:31:50,923 views context:{'pk': 26, 'buy_step': 'conditions_acceptance', 'cmd': 'acceptance_for_friend', 'total': 0, 'credits_to_use': 0, 'order_id': 0, 'friend_id': '-1', 'view': <TravelsApp.views.BuyTicketView object at 0x0000021400D35EB0>}
INFO 2022-05-20 00:31:53,480 views BuyTicket GET was called
INFO 2022-05-20 00:31:53,480 views BuyTicket.get:partecipant_selection init
INFO 2022-05-20 00:31:53,490 views cmd=init
INFO 2022-05-20 00:31:55,395 views BuyTicket POST was called
INFO 2022-05-20 00:31:55,396 views cmd=receive_user_selected
INFO 2022-05-20 00:32:00,191 views BuyTicket POST was called
INFO 2022-05-20 00:32:00,193 views #917 receive_minor_name
INFO 2022-05-20 00:32:00,208 views #924searching minor_mail:Giulia.Bortolan_minor_by_flavio.bortolan@gmail.com
INFO 2022-05-20 00:32:00,216 views #929 The kid is already a member
INFO 2022-05-20 00:32:00,226 views #937 kid is already subscribed
INFO 2022-05-20 00:32:00,244 views BuyTicket GET was called
INFO 2022-05-20 00:32:00,250 views BuyTicket.get:friend_already_subscibed init
INFO 2022-05-20 00:32:18,818 views ***get_context_data: kwargs{}***
INFO 2022-05-20 00:32:18,819 views filter_mode:all, verranno mostrate tutte le attivita
INFO 2022-05-20 00:32:18,827 views GET:start_date: 2022-05-20
INFO 2022-05-20 00:32:18,837 views GET:end_date: 2022-07-20
INFO 2022-05-20 00:32:20,767 views The user already has this ticket
INFO 2022-05-20 00:32:20,770 views The user is not queued to the event
INFO 2022-05-20 00:32:20,779 views The guy can have his money back as:2022-06-03 14:30:00>2022-05-20 00:32:20.779208
INFO 2022-05-20 00:32:23,973 views BuyTicket POST was called
INFO 2022-05-20 00:32:23,974 views buy_step=conditions_acceptance
INFO 2022-05-20 00:32:23,989 views cmd=acceptance_for_me
INFO 2022-05-20 00:32:24,008 views pk=25
INFO 2022-05-20 00:32:24,023 views context:{'pk': 25, 'buy_step': 'conditions_acceptance', 'cmd': 'acceptance_for_friend', 'total': 0, 'credits_to_use': 0, 'order_id': 0, 'friend_id': '-1', 'view': <TravelsApp.views.BuyTicketView object at 0x00000214020B8550>}
INFO 2022-05-20 00:32:26,369 views BuyTicket GET was called
INFO 2022-05-20 00:32:26,370 views BuyTicket.get:partecipant_selection init
INFO 2022-05-20 00:32:26,388 views cmd=init
INFO 2022-05-20 00:32:28,564 views BuyTicket POST was called
INFO 2022-05-20 00:32:28,564 views cmd=receive_user_selected
INFO 2022-05-20 00:32:32,835 views BuyTicket POST was called
INFO 2022-05-20 00:32:32,836 views #917 receive_minor_name
INFO 2022-05-20 00:32:32,858 views #924searching minor_mail:Giulia.Bortolan_minor_by_flavio.bortolan@gmail.com
INFO 2022-05-20 00:32:32,861 views #929 The kid is already a member
INFO 2022-05-20 00:32:32,881 views BuyTicket GET was called
INFO 2022-05-20 00:32:32,885 views BuyTicket.get:confirmation init
INFO 2022-05-20 00:32:32,956 views BuyTicketView: confirmation, context = {'pk': 25, 'buy_step': 'confirmation', 'cmd': 'init', 'total': 0, 'credits_to_use': 0, 'order_id': 181, 'friend_id': '107', 'view': <TravelsApp.views.BuyTicketView object at 0x0000021401DC8100>, 'subs_exp_date': datetime.date(2023, 5, 19), 'subscription_expired': False, 'year_subscription_price': 20, 'sub_total': 0, 'event': <Event: ID: 25, Date: 2022-06-05Colceresa percorso della Lepre Mason (VI)>}
INFO 2022-05-20 00:32:35,336 views BuyTicket GET was called
INFO 2022-05-20 00:32:35,337 views BuyTicket.get:confirmed init
INFO 2022-05-20 00:32:35,350 views Closing order from -confirmed-
INFO 2022-05-20 00:32:35,471 views Creating mail for order confirmation
INFO 2022-05-20 00:32:43,613 views ***get_context_data: kwargs{}***
INFO 2022-05-20 00:32:43,614 views filter_mode:all, verranno mostrate tutte le attivita
INFO 2022-05-20 00:32:43,630 views GET:start_date: 2022-05-20
INFO 2022-05-20 00:32:43,647 views GET:end_date: 2022-07-20
INFO 2022-05-20 00:33:14,259 views Site under maintenance:False
INFO 2022-05-20 00:33:15,910 views ***get_context_data: kwargs{}***
INFO 2022-05-20 00:33:15,911 views filter_mode:all, verranno mostrate tutte le attivita
INFO 2022-05-20 00:33:15,920 views GET:start_date: 2022-05-20
INFO 2022-05-20 00:33:15,930 views GET:end_date: 2022-07-20
INFO 2022-05-20 00:33:17,456 views The user already has this ticket
INFO 2022-05-20 00:33:17,460 views The user is not queued to the event
INFO 2022-05-20 00:33:17,463 views The guy can have his money back as:2022-05-20 14:30:00>2022-05-20 00:33:17.463676
INFO 2022-05-20 00:33:19,887 views BuyTicket POST was called
INFO 2022-05-20 00:33:19,888 views buy_step=conditions_acceptance
INFO 2022-05-20 00:33:19,899 views cmd=acceptance_for_me
INFO 2022-05-20 00:33:19,912 views pk=26
INFO 2022-05-20 00:33:19,926 views context:{'pk': 26, 'buy_step': 'conditions_acceptance', 'cmd': 'acceptance_for_friend', 'total': 0, 'credits_to_use': 0, 'order_id': 0, 'friend_id': '-1', 'view': <TravelsApp.views.BuyTicketView object at 0x00000214020CAC10>}
INFO 2022-05-20 00:33:21,897 views BuyTicket GET was called
INFO 2022-05-20 00:33:21,898 views BuyTicket.get:partecipant_selection init
INFO 2022-05-20 00:33:21,908 views cmd=init
INFO 2022-05-20 00:33:23,793 views BuyTicket POST was called
INFO 2022-05-20 00:33:23,794 views cmd=receive_user_selected
INFO 2022-05-20 00:33:29,217 views BuyTicket POST was called
INFO 2022-05-20 00:33:29,219 views #917 receive_minor_name
INFO 2022-05-20 00:33:29,244 views #924searching minor_mail:ttt.Bortolan_minor_by_flavio.bortolan@gmail.com
INFO 2022-05-20 00:33:29,247 views #946 ttt has to register
INFO 2022-05-20 00:33:37,022 views BuyTicket POST was called
INFO 2022-05-20 00:33:37,023 views #1010 receive_minor_data
INFO 2022-05-20 00:33:37,044 views +++minor autogenerated mail:ttt.Bortolan_minor_by_flavio.bortolan@gmail.com
INFO 2022-05-20 00:33:37,094 views *** create_profile ***: <tr><td colspan="2"><div class="errorlist"><div class="w3-red">(Hidden field password) This field is required.</div><div class="w3-red">(Hidden field repeat_password) This field is required.</div></div></td></tr>
<tr><th><label for="id_first_name">Nome:</label></th><td><input type="text" name="first_name" value="ttt" class="w3-input" required="True" maxlength="30" id="id_first_name"></td></tr>
<tr><th><label for="id_last_name">Cognome:</label></th><td><input type="text" name="last_name" value="Bortolan" class="w3-input" required="True" maxlength="150" id="id_last_name"></td></tr>
<tr><th><label for="id_email">Email:</label></th><td><input type="email" name="email" value="ttt.Bortolan_minor_by_flavio.bortolan@gmail.com" class="w3-input" maxlength="254" id="id_email"><input type="hidden" name="password" id="id_password"><input type="hidden" name="repeat_password" id="id_repeat_password"></td></tr><tr><th><label for="id_profile_pic">Immagine di profilo:</label></th><td><input type="file" name="profile_pic" class="w3-btn w3-blue w3-block w3-round-large" accept="image/*" id="id_profile_pic"></td></tr>
<tr><th><label for="id_phone_number">Telefono:</label></th><td><input type="text" name="phone_number" class="w3-input" required="True" maxlength="64" id="id_phone_number"></td></tr>
<tr><th><label for="id_exp_date">Scadenza iscrizione:</label></th><td><input type="text" name="exp_date" class="w3-input" disabled="True" required="False" id="id_exp_date"></td></tr>
INFO 2022-05-20 00:33:37,097 views +++ user_form cleaned_data:{'first_name': 'ttt', 'last_name': 'Bortolan', 'email': 'ttt.Bortolan_minor_by_flavio.bortolan@gmail.com'}
INFO 2022-05-20 00:33:37,107 views cleaned mail field value =ttt.Bortolan_minor_by_flavio.bortolan@gmail.com
INFO 2022-05-20 00:33:37,113 views create_profile:data is ok
INFO 2022-05-20 00:33:37,119 views Supplied mail is:ttt.Bortolan_minor_by_flavio.bortolan@gmail.com
INFO 2022-05-20 00:33:37,131 views No duplicate users found
INFO 2022-05-20 00:33:37,136 views password:DT8Y0
INFO 2022-05-20 00:33:37,181 views new user saved with mail: ttt.Bortolan_minor_by_flavio.bortolan@gmail.com
INFO 2022-05-20 00:33:37,434 views password saved
INFO 2022-05-20 00:33:37,447 views Saving profile info for:
INFO 2022-05-20 00:33:37,448 views ttt
INFO 2022-05-20 00:33:37,450 views Bortolan
INFO 2022-05-20 00:33:37,453 views ttt.Bortolan_minor_by_flavio.bortolan@gmail.com
INFO 2022-05-20 00:33:43,606 views BuyTicket GET was called
INFO 2022-05-20 00:33:43,613 views BuyTicket.get:registration_successful init
INFO 2022-05-20 00:33:43,621 views registration_successful, friend_id = 109
INFO 2022-05-20 00:33:53,269 views BuyTicket GET was called
INFO 2022-05-20 00:33:53,270 views BuyTicket.get:confirmation init
INFO 2022-05-20 00:33:53,354 views BuyTicketView: confirmation, context = {'pk': 26, 'buy_step': 'confirmation', 'cmd': 'init', 'total': 0, 'credits_to_use': 0, 'order_id': 182, 'friend_id': '109', 'view': <TravelsApp.views.BuyTicketView object at 0x00000214020ADE50>, 'subs_exp_date': datetime.date(2023, 5, 20), 'subscription_expired': False, 'year_subscription_price': 20, 'sub_total': 0, 'event': <Event: ID: 26, Date: 2022-05-22Valle dei Mulini di Mossano Mossano VI>}
INFO 2022-05-20 00:33:55,617 views BuyTicket GET was called
INFO 2022-05-20 00:33:55,618 views BuyTicket.get:confirmed init
INFO 2022-05-20 00:33:55,626 views Closing order from -confirmed-
INFO 2022-05-20 00:33:55,728 views Creating mail for order confirmation
INFO 2022-05-20 00:34:03,812 views ***get_context_data: kwargs{}***
INFO 2022-05-20 00:34:03,813 views filter_mode:all, verranno mostrate tutte le attivita
INFO 2022-05-20 00:34:03,822 views GET:start_date: 2022-05-20
INFO 2022-05-20 00:34:03,834 views GET:end_date: 2022-07-20
INFO 2022-05-20 00:35:17,966 views The user already has this ticket
INFO 2022-05-20 00:35:17,968 views The user is not queued to the event
INFO 2022-05-20 00:35:17,994 views The guy can have his money back as:2022-06-03 14:30:00>2022-05-20 00:35:17.994459
INFO 2022-05-20 00:48:14,850 views ***get_context_data: kwargs{}***
INFO 2022-05-20 00:48:14,852 views filter_mode:all, verranno mostrate tutte le attivita
INFO 2022-05-20 00:48:14,861 views GET:start_date: 2022-05-20
INFO 2022-05-20 00:48:14,870 views GET:end_date: 2022-07-20
INFO 2022-05-20 00:48:16,204 views The user already has this ticket
INFO 2022-05-20 00:48:16,207 views The user is not queued to the event
INFO 2022-05-20 00:48:16,213 views The guy can have his money back as:2022-05-20 14:30:00>2022-05-20 00:48:16.213021
INFO 2022-05-20 00:49:25,764 views The user already has this ticket
INFO 2022-05-20 00:49:25,766 views The user is not queued to the event
INFO 2022-05-20 00:49:25,772 views The guy can have his money back as:2022-05-20 14:30:00>2022-05-20 00:49:25.772986
INFO 2022-05-20 00:49:43,766 views Site under maintenance:False
INFO 2022-05-20 00:49:45,457 views ***get_context_data: kwargs{}***
INFO 2022-05-20 00:49:45,458 views filter_mode:all, verranno mostrate tutte le attivita
INFO 2022-05-20 00:49:45,474 views GET:start_date: 2022-05-20
INFO 2022-05-20 00:49:45,479 views GET:end_date: 2022-07-20
INFO 2022-05-20 00:50:20,522 views registration_step = registration_step
INFO 2022-05-20 00:51:17,733 views ***get_context_data: kwargs{}***
INFO 2022-05-20 00:51:17,735 views filter_mode:all, verranno mostrate tutte le attivita
INFO 2022-05-20 00:51:17,745 views GET:start_date: 2022-05-20
INFO 2022-05-20 00:51:17,756 views GET:end_date: 2022-07-20
INFO 2022-05-20 00:51:35,320 views registration_step = registration_step
INFO 2022-05-20 00:52:12,732 views registration_step = registration_step
INFO 2022-05-20 00:52:30,399 views *** create_profile ***: <tr><th><label for="id_first_name">Nome:</label></th><td><input type="text" name="first_name" value="rrsa" class="w3-input" required="True" maxlength="30" id="id_first_name"></td></tr>
<tr><th><label for="id_last_name">Cognome:</label></th><td><input type="text" name="last_name" value="Bortolan" class="w3-input" required="True" maxlength="150" id="id_last_name"></td></tr>
<tr><th><label for="id_email">Email:</label></th><td><input type="email" name="email" value="flavio.bortolan@gmail.come" class="w3-input" maxlength="254" id="id_email"></td></tr>
<tr><th><label for="id_password">Password:</label></th><td><input type="password" name="password" class="w3-input" maxlength="128" required id="id_password"></td></tr>
<tr><th><label for="id_repeat_password">Repeat password:</label></th><td><input type="password" name="repeat_password" class="w3-input" required id="id_repeat_password"></td></tr><tr><th><label for="id_profile_pic">Immagine di profilo:</label></th><td><input type="file" name="profile_pic" class="w3-btn w3-blue w3-block w3-round-large" accept="image/*" id="id_profile_pic"></td></tr>
<tr><th><label for="id_phone_number">Telefono:</label></th><td><input type="text" name="phone_number" value="3401461537" class="w3-input" required="True" maxlength="64" id="id_phone_number"></td></tr>
<tr><th><label for="id_exp_date">Scadenza iscrizione:</label></th><td><input type="text" name="exp_date" class="w3-input" disabled="True" required="False" id="id_exp_date"></td></tr>
INFO 2022-05-20 00:52:30,404 views +++ user_form cleaned_data:{'first_name': 'rrsa', 'last_name': 'Bortolan', 'email': 'flavio.bortolan@gmail.come', 'password': 'Margherita1', 'repeat_password': 'Margherita1'}
INFO 2022-05-20 00:52:30,415 views cleaned mail field value =flavio.bortolan@gmail.come
INFO 2022-05-20 00:52:30,418 views create_profile:data is ok
INFO 2022-05-20 00:52:30,421 views Supplied mail is:flavio.bortolan@gmail.come
INFO 2022-05-20 00:52:30,432 views No duplicate users found
INFO 2022-05-20 00:52:30,460 views new user saved with mail: flavio.bortolan@gmail.come
INFO 2022-05-20 00:52:30,659 views password saved
INFO 2022-05-20 00:52:30,670 views Saving profile info for:
INFO 2022-05-20 00:52:30,673 views rrsa
INFO 2022-05-20 00:52:30,679 views Bortolan
INFO 2022-05-20 00:52:30,690 views flavio.bortolan@gmail.come
INFO 2022-05-20 00:52:30,695 views Creating mail with activation link
INFO 2022-05-20 00:52:36,989 views registration_step = registration_step
